<?xml version="1.0" encoding="UTF-8"?>
<!-- Generated by org.testng.reporters.JUnitXMLReporter -->
<testsuite hostname="DESKTOP-QR52NJ9" ignored="0" name="Test" tests="3" failures="0" timestamp="04 May 2021 09:21:08 GMT" time="38.442" errors="0">
  <testcase name="getItems" time="11.885" classname="com.amazon.testcase.Testcase"/>
  <testcase name="getItems" time="6.715" classname="com.amazon.testcase.Testcase"/>
  <testcase name="getItems" time="6.813" classname="com.amazon.testcase.Testcase"/>
</testsuite> <!-- Test -->
