<?xml version="1.0" encoding="UTF-8"?>
<testng-results skipped="0" failed="0" ignored="0" total="3" passed="3">
  <reporter-output>
    <line>
      <![CDATA[Price of Harry Potter Box Set: The Complete Collection (Children’s Hardback) (Set of 7 Volumes) is Rs. 75]]>
    </line>
    <line>
      <![CDATA[Price of Harry Potter - The Illustrated Collection: Three magical classics is Rs. 75]]>
    </line>
    <line>
      <![CDATA[Price of Harry Potter and the Philosopher's Stone is Rs. 75]]>
    </line>
    <line>
      <![CDATA[Price of Harry Potter and the Prisoner of Azkaban (Harry Potter 3) is Rs. 75]]>
    </line>
    <line>
      <![CDATA[Price of Harry Potter and the Chamber of Secrets (Harry Potter 2) is Rs. 75]]>
    </line>
    <line>
      <![CDATA[Price of Harry Potter and the Goblet of Fire (Harry Potter 4) is Rs. 75]]>
    </line>
    <line>
      <![CDATA[Price of Harry Potter and the Half Blood Prince is Rs. 75]]>
    </line>
    <line>
      <![CDATA[Price of Harry Potter and the Order of the Phoenix (Harry Potter 5) is Rs. 75]]>
    </line>
    <line>
      <![CDATA[Price of Harry Potter and the Cursed Child - Parts One and Two: The Official Playscript of the Original West End Production (Harry Potter Officl Playscript) is Rs. 75]]>
    </line>
    <line>
      <![CDATA[Price of Harry Potter Box Set: The Complete Collection (Children’s Paperback) (Set of 7 Volumes) is Rs. 75]]>
    </line>
    <line>
      <![CDATA[Price of The Hogwarts Library Box Set is Rs. 75]]>
    </line>
    <line>
      <![CDATA[Price of Harry Potter and the Order of the Phoenix – Gryffindor Edition (House Edition Gryffindor) is Rs. 75]]>
    </line>
    <line>
      <![CDATA[Price of Harry Potter: Weekly Planner Notepad: (Harry Potter School Planner, Harry Potter Gift, Harry Potter Stationery, Undated Planner) is Rs. 75]]>
    </line>
    <line>
      <![CDATA[Price of Harry Potter Aur Paras Patthar is Rs. 75]]>
    </line>
    <line>
      <![CDATA[Price of Harry Potter and the Deathly Hallows (Harry Potter 7) is Rs. 75]]>
    </line>
    <line>
      <![CDATA[Price of La Harry Potter : La bataille de Poudlard is Rs. 75]]>
    </line>
    <line>
      <![CDATA[Price of Harry Potter and the Deathly Hallows - Ravenclaw Edition is Rs. 75]]>
    </line>
    <line>
      <![CDATA[Price of Harry Potter and the Deathly Hallows - Slytherin Edition is Rs. 75]]>
    </line>
    <line>
      <![CDATA[Price of Harry Potter and the Philosopher's Stone – Gryffindor Edition is Rs. 75]]>
    </line>
    <line>
      <![CDATA[Price of Harry Potter and the Goblet of Fire – Gryffindor Edition (Harry Potter House Editions) is Rs. 75]]>
    </line>
    <line>
      <![CDATA[Price of The Tales of Beedle the Bard is Rs. 75]]>
    </line>
    <line>
      <![CDATA[Price of A Vow So Bold and Deadly (The Cursebreaker Series) is Rs. 75]]>
    </line>
    <line>
      <![CDATA[Price of The Da Vinci Code: (Robert Langdon Book 2) is Rs. 296]]>
    </line>
    <line>
      <![CDATA[Price of The Da Vinci Code (Abridged Edition) is Rs. 296]]>
    </line>
    <line>
      <![CDATA[Price of The Da Vinci Code: Travel Journal is Rs. 296]]>
    </line>
    <line>
      <![CDATA[Price of The Da Vinci Code is Rs. 296]]>
    </line>
    <line>
      <![CDATA[Price of DA VINCI CODE is Rs. 296]]>
    </line>
    <line>
      <![CDATA[Price of THE DA VINCI CODE : A QUEST FOR ANSWERS (HINDI) is Rs. 296]]>
    </line>
    <line>
      <![CDATA[Price of The Da Vinci Code: From Dan Brown’s Fiction to Mary Magdalene’s Faith is Rs. 296]]>
    </line>
    <line>
      <![CDATA[Price of Davinci Code is Rs. 296]]>
    </line>
    <line>
      <![CDATA[Price of World's Greatest Leaders: Biographies of Inspirational Personalities For Kids is Rs. 296]]>
    </line>
    <line>
      <![CDATA[Price of The World of David Walliams: The Biggest Box Set is Rs. 296]]>
    </line>
    <line>
      <![CDATA[Price of Beyond Da Vinci Code: Pt. 2: Toward the Social Rejuvenation of Humankind, Understanding the Prevailing Capitalism as a Cult of Anti-christianity ... Capitalism as a Cult of Anti-christianity) is Rs. 296]]>
    </line>
    <line>
      <![CDATA[Price of Beyond Da Vinci Code: Pt. 3: Toward the Social Rejuvenation of Humankind, Understanding the Prevailing Capitalism as a Cult of Anti-christianity ... Capitalism as a Cult of Anti-christianity) is Rs. 296]]>
    </line>
    <line>
      <![CDATA[Price of The Da Vinci Code is Rs. 296]]>
    </line>
    <line>
      <![CDATA[Price of ‫شيفرة دافنتشي‬ (Arabic Edition) is Rs. 296]]>
    </line>
    <line>
      <![CDATA[Price of The Da Vinci Code (SparkNotes Literature Guide) (SparkNotes Literature Guide Series) is Rs. 296]]>
    </line>
    <line>
      <![CDATA[Price of Robert Langdon Series Collection 7 Books Set By Dan Brown (Angels And Demons, The Da Vinci Code, The Lost Symbol, Inferno, Origin, Digital Fortress, Deception Point) is Rs. 296]]>
    </line>
    <line>
      <![CDATA[Price of Da vinci Code is Rs. 296]]>
    </line>
    <line>
      <![CDATA[Price of The Da Vinci Code: The Adventures of Professor 007 and Kate Burn: book I is Rs. 296]]>
    </line>
    <line>
      <![CDATA[Price of World’s Greatest Classics (Box Set of 4 Books) is Rs. 296]]>
    </line>
    <line>
      <![CDATA[Price of The Complete Novels of Sherlock Holmes (Deluxe Hardbound Edition) is Rs. 296]]>
    </line>
    <line>
      <![CDATA[Price of Gitanjali is Rs. 296]]>
    </line>
    <line>
      <![CDATA[Price of Hungry Gods is Rs. 296]]>
    </line>
    <line>
      <![CDATA[Price of The Modern Pizza Recipes: The best amazing Special Pizza recipes is Rs. 0]]>
    </line>
    <line>
      <![CDATA[Price of Pizza: Guida completa (Italian Edition) is Rs. 0]]>
    </line>
    <line>
      <![CDATA[Price of PIZZA: Is It A Thriller ? is Rs. 0]]>
    </line>
    <line>
      <![CDATA[Price of Vegan Pizza: Yummy Plant-Based Pizza Recipes for Everyone! (Vegan Food Book 4) is Rs. 0]]>
    </line>
    <line>
      <![CDATA[Price of Pizza: ULTIMATE Pizza Expert Journal Notebook to rate all your pizza places! is Rs. 0]]>
    </line>
    <line>
      <![CDATA[Price of Pizza: ULTIMATE Pizza Expert Journal Notebook to rate all your pizza places! is Rs. 0]]>
    </line>
    <line>
      <![CDATA[Price of Pizza: Love Italian Food Notebook Journal Diary for Men, Women, Teen & Kids is Rs. 0]]>
    </line>
    <line>
      <![CDATA[Price of Pizza: Love Italian Food Bullet Journal Dot Grid for Men, Women, Teen & Kids is Rs. 0]]>
    </line>
    <line>
      <![CDATA[Price of Birthday Cakes for Kids (Pb) is Rs. 0]]>
    </line>
    <line>
      <![CDATA[Price of The Complete OPOS Cookbook: One-Pot Meal Plans Ready in 10 Minutes is Rs. 0]]>
    </line>
    <line>
      <![CDATA[Price of Pizza: Novelty Gifts - Lined Notebook Journal (6 X 9) - For Pizza Lovers is Rs. 0]]>
    </line>
    <line>
      <![CDATA[Price of Pizza: Novelty Gifts - Lined Notebook Journal (6 X 9) - For Pizza Lovers is Rs. 0]]>
    </line>
    <line>
      <![CDATA[Price of Sandwiches and Wraps: Vegetarian is Rs. 0]]>
    </line>
    <line>
      <![CDATA[Price of The Easy Kitchen: Pizza & Focaccia: Simple recipes for delicious food every day is Rs. 0]]>
    </line>
    <line>
      <![CDATA[Price of The Ultimate Homemade Pizza Cookbook: A Guide to Homemade Cookbook for People Who Love Pizza. (Homemade Italian Pizza at Home) is Rs. 0]]>
    </line>
    <line>
      <![CDATA[Price of Pizzas Caseras: Más de 50 recetas para hacer pizzas deliciosas en muy poco tiempo is Rs. 0]]>
    </line>
    <line>
      <![CDATA[Price of The Pizza Therapy Pizza Book: Unlock the Secret of Making Simple Easy Pizza is Rs. 0]]>
    </line>
    <line>
      <![CDATA[Price of Mastering Pizza: The Art and Practice of Handmade Pizza, Focaccia, and Calzone [A Cookbook] is Rs. 0]]>
    </line>
    <line>
      <![CDATA[Price of Craft Burgers and Crazy Shakes from Black Tap is Rs. 0]]>
    </line>
    <line>
      <![CDATA[Price of Rustica: A Return to Spanish Home Cooking is Rs. 0]]>
    </line>
    <line>
      <![CDATA[Price of 30-Day Indian Keto Recipes: Lose Weight with Delicious Indian Keto Food is Rs. 0]]>
    </line>
    <line>
      <![CDATA[Price of Prashad At Home: Everyday Indian Cooking from our Vegetarian Kitchen is Rs. 0]]>
    </line>
  </reporter-output>
  <suite name="Suite" duration-ms="38442" started-at="2021-05-04T09:20:30Z" finished-at="2021-05-04T09:21:08Z">
    <groups>
    </groups>
    <test name="Test" duration-ms="38442" started-at="2021-05-04T09:20:30Z" finished-at="2021-05-04T09:21:08Z">
      <class name="com.amazon.testcase.Testcase">
        <test-method status="PASS" signature="setup(java.lang.String)[pri:0, instance:com.amazon.testcase.Testcase@4e718207]" name="setup" is-config="true" duration-ms="8255" started-at="2021-05-04T09:20:30Z" finished-at="2021-05-04T09:20:38Z">
          <params>
            <param index="0">
              <value>
                <![CDATA[https://www.amazon.in/]]>
              </value>
            </param>
          </params>
          <reporter-output>
          </reporter-output>
        </test-method> <!-- setup -->
        <test-method status="PASS" signature="getItems(java.lang.String)[pri:0, instance:com.amazon.testcase.Testcase@4e718207]" name="getItems" duration-ms="11885" started-at="2021-05-04T09:20:38Z" data-provider="getData" finished-at="2021-05-04T09:20:50Z">
          <params>
            <param index="0">
              <value>
                <![CDATA[Harry Potter]]>
              </value>
            </param>
          </params>
          <reporter-output>
            <line>
              <![CDATA[Price of Harry Potter Box Set: The Complete Collection (Children’s Hardback) (Set of 7 Volumes) is Rs. 75]]>
            </line>
            <line>
              <![CDATA[Price of Harry Potter - The Illustrated Collection: Three magical classics is Rs. 75]]>
            </line>
            <line>
              <![CDATA[Price of Harry Potter and the Philosopher's Stone is Rs. 75]]>
            </line>
            <line>
              <![CDATA[Price of Harry Potter and the Prisoner of Azkaban (Harry Potter 3) is Rs. 75]]>
            </line>
            <line>
              <![CDATA[Price of Harry Potter and the Chamber of Secrets (Harry Potter 2) is Rs. 75]]>
            </line>
            <line>
              <![CDATA[Price of Harry Potter and the Goblet of Fire (Harry Potter 4) is Rs. 75]]>
            </line>
            <line>
              <![CDATA[Price of Harry Potter and the Half Blood Prince is Rs. 75]]>
            </line>
            <line>
              <![CDATA[Price of Harry Potter and the Order of the Phoenix (Harry Potter 5) is Rs. 75]]>
            </line>
            <line>
              <![CDATA[Price of Harry Potter and the Cursed Child - Parts One and Two: The Official Playscript of the Original West End Production (Harry Potter Officl Playscript) is Rs. 75]]>
            </line>
            <line>
              <![CDATA[Price of Harry Potter Box Set: The Complete Collection (Children’s Paperback) (Set of 7 Volumes) is Rs. 75]]>
            </line>
            <line>
              <![CDATA[Price of The Hogwarts Library Box Set is Rs. 75]]>
            </line>
            <line>
              <![CDATA[Price of Harry Potter and the Order of the Phoenix – Gryffindor Edition (House Edition Gryffindor) is Rs. 75]]>
            </line>
            <line>
              <![CDATA[Price of Harry Potter: Weekly Planner Notepad: (Harry Potter School Planner, Harry Potter Gift, Harry Potter Stationery, Undated Planner) is Rs. 75]]>
            </line>
            <line>
              <![CDATA[Price of Harry Potter Aur Paras Patthar is Rs. 75]]>
            </line>
            <line>
              <![CDATA[Price of Harry Potter and the Deathly Hallows (Harry Potter 7) is Rs. 75]]>
            </line>
            <line>
              <![CDATA[Price of La Harry Potter : La bataille de Poudlard is Rs. 75]]>
            </line>
            <line>
              <![CDATA[Price of Harry Potter and the Deathly Hallows - Ravenclaw Edition is Rs. 75]]>
            </line>
            <line>
              <![CDATA[Price of Harry Potter and the Deathly Hallows - Slytherin Edition is Rs. 75]]>
            </line>
            <line>
              <![CDATA[Price of Harry Potter and the Philosopher's Stone – Gryffindor Edition is Rs. 75]]>
            </line>
            <line>
              <![CDATA[Price of Harry Potter and the Goblet of Fire – Gryffindor Edition (Harry Potter House Editions) is Rs. 75]]>
            </line>
            <line>
              <![CDATA[Price of The Tales of Beedle the Bard is Rs. 75]]>
            </line>
            <line>
              <![CDATA[Price of A Vow So Bold and Deadly (The Cursebreaker Series) is Rs. 75]]>
            </line>
          </reporter-output>
        </test-method> <!-- getItems -->
        <test-method status="PASS" signature="getItems(java.lang.String)[pri:0, instance:com.amazon.testcase.Testcase@4e718207]" name="getItems" duration-ms="6715" started-at="2021-05-04T09:20:50Z" data-provider="getData" finished-at="2021-05-04T09:20:57Z">
          <params>
            <param index="0">
              <value>
                <![CDATA[Da vinci code]]>
              </value>
            </param>
          </params>
          <reporter-output>
            <line>
              <![CDATA[Price of The Da Vinci Code: (Robert Langdon Book 2) is Rs. 296]]>
            </line>
            <line>
              <![CDATA[Price of The Da Vinci Code (Abridged Edition) is Rs. 296]]>
            </line>
            <line>
              <![CDATA[Price of The Da Vinci Code: Travel Journal is Rs. 296]]>
            </line>
            <line>
              <![CDATA[Price of The Da Vinci Code is Rs. 296]]>
            </line>
            <line>
              <![CDATA[Price of DA VINCI CODE is Rs. 296]]>
            </line>
            <line>
              <![CDATA[Price of THE DA VINCI CODE : A QUEST FOR ANSWERS (HINDI) is Rs. 296]]>
            </line>
            <line>
              <![CDATA[Price of The Da Vinci Code: From Dan Brown’s Fiction to Mary Magdalene’s Faith is Rs. 296]]>
            </line>
            <line>
              <![CDATA[Price of Davinci Code is Rs. 296]]>
            </line>
            <line>
              <![CDATA[Price of World's Greatest Leaders: Biographies of Inspirational Personalities For Kids is Rs. 296]]>
            </line>
            <line>
              <![CDATA[Price of The World of David Walliams: The Biggest Box Set is Rs. 296]]>
            </line>
            <line>
              <![CDATA[Price of Beyond Da Vinci Code: Pt. 2: Toward the Social Rejuvenation of Humankind, Understanding the Prevailing Capitalism as a Cult of Anti-christianity ... Capitalism as a Cult of Anti-christianity) is Rs. 296]]>
            </line>
            <line>
              <![CDATA[Price of Beyond Da Vinci Code: Pt. 3: Toward the Social Rejuvenation of Humankind, Understanding the Prevailing Capitalism as a Cult of Anti-christianity ... Capitalism as a Cult of Anti-christianity) is Rs. 296]]>
            </line>
            <line>
              <![CDATA[Price of The Da Vinci Code is Rs. 296]]>
            </line>
            <line>
              <![CDATA[Price of ‫شيفرة دافنتشي‬ (Arabic Edition) is Rs. 296]]>
            </line>
            <line>
              <![CDATA[Price of The Da Vinci Code (SparkNotes Literature Guide) (SparkNotes Literature Guide Series) is Rs. 296]]>
            </line>
            <line>
              <![CDATA[Price of Robert Langdon Series Collection 7 Books Set By Dan Brown (Angels And Demons, The Da Vinci Code, The Lost Symbol, Inferno, Origin, Digital Fortress, Deception Point) is Rs. 296]]>
            </line>
            <line>
              <![CDATA[Price of Da vinci Code is Rs. 296]]>
            </line>
            <line>
              <![CDATA[Price of The Da Vinci Code: The Adventures of Professor 007 and Kate Burn: book I is Rs. 296]]>
            </line>
            <line>
              <![CDATA[Price of World’s Greatest Classics (Box Set of 4 Books) is Rs. 296]]>
            </line>
            <line>
              <![CDATA[Price of The Complete Novels of Sherlock Holmes (Deluxe Hardbound Edition) is Rs. 296]]>
            </line>
            <line>
              <![CDATA[Price of Gitanjali is Rs. 296]]>
            </line>
            <line>
              <![CDATA[Price of Hungry Gods is Rs. 296]]>
            </line>
          </reporter-output>
        </test-method> <!-- getItems -->
        <test-method status="PASS" signature="getItems(java.lang.String)[pri:0, instance:com.amazon.testcase.Testcase@4e718207]" name="getItems" duration-ms="6813" started-at="2021-05-04T09:20:57Z" data-provider="getData" finished-at="2021-05-04T09:21:04Z">
          <params>
            <param index="0">
              <value>
                <![CDATA[PIZZA]]>
              </value>
            </param>
          </params>
          <reporter-output>
            <line>
              <![CDATA[Price of The Modern Pizza Recipes: The best amazing Special Pizza recipes is Rs. 0]]>
            </line>
            <line>
              <![CDATA[Price of Pizza: Guida completa (Italian Edition) is Rs. 0]]>
            </line>
            <line>
              <![CDATA[Price of PIZZA: Is It A Thriller ? is Rs. 0]]>
            </line>
            <line>
              <![CDATA[Price of Vegan Pizza: Yummy Plant-Based Pizza Recipes for Everyone! (Vegan Food Book 4) is Rs. 0]]>
            </line>
            <line>
              <![CDATA[Price of Pizza: ULTIMATE Pizza Expert Journal Notebook to rate all your pizza places! is Rs. 0]]>
            </line>
            <line>
              <![CDATA[Price of Pizza: ULTIMATE Pizza Expert Journal Notebook to rate all your pizza places! is Rs. 0]]>
            </line>
            <line>
              <![CDATA[Price of Pizza: Love Italian Food Notebook Journal Diary for Men, Women, Teen & Kids is Rs. 0]]>
            </line>
            <line>
              <![CDATA[Price of Pizza: Love Italian Food Bullet Journal Dot Grid for Men, Women, Teen & Kids is Rs. 0]]>
            </line>
            <line>
              <![CDATA[Price of Birthday Cakes for Kids (Pb) is Rs. 0]]>
            </line>
            <line>
              <![CDATA[Price of The Complete OPOS Cookbook: One-Pot Meal Plans Ready in 10 Minutes is Rs. 0]]>
            </line>
            <line>
              <![CDATA[Price of Pizza: Novelty Gifts - Lined Notebook Journal (6 X 9) - For Pizza Lovers is Rs. 0]]>
            </line>
            <line>
              <![CDATA[Price of Pizza: Novelty Gifts - Lined Notebook Journal (6 X 9) - For Pizza Lovers is Rs. 0]]>
            </line>
            <line>
              <![CDATA[Price of Sandwiches and Wraps: Vegetarian is Rs. 0]]>
            </line>
            <line>
              <![CDATA[Price of The Easy Kitchen: Pizza & Focaccia: Simple recipes for delicious food every day is Rs. 0]]>
            </line>
            <line>
              <![CDATA[Price of The Ultimate Homemade Pizza Cookbook: A Guide to Homemade Cookbook for People Who Love Pizza. (Homemade Italian Pizza at Home) is Rs. 0]]>
            </line>
            <line>
              <![CDATA[Price of Pizzas Caseras: Más de 50 recetas para hacer pizzas deliciosas en muy poco tiempo is Rs. 0]]>
            </line>
            <line>
              <![CDATA[Price of The Pizza Therapy Pizza Book: Unlock the Secret of Making Simple Easy Pizza is Rs. 0]]>
            </line>
            <line>
              <![CDATA[Price of Mastering Pizza: The Art and Practice of Handmade Pizza, Focaccia, and Calzone [A Cookbook] is Rs. 0]]>
            </line>
            <line>
              <![CDATA[Price of Craft Burgers and Crazy Shakes from Black Tap is Rs. 0]]>
            </line>
            <line>
              <![CDATA[Price of Rustica: A Return to Spanish Home Cooking is Rs. 0]]>
            </line>
            <line>
              <![CDATA[Price of 30-Day Indian Keto Recipes: Lose Weight with Delicious Indian Keto Food is Rs. 0]]>
            </line>
            <line>
              <![CDATA[Price of Prashad At Home: Everyday Indian Cooking from our Vegetarian Kitchen is Rs. 0]]>
            </line>
          </reporter-output>
        </test-method> <!-- getItems -->
        <test-method status="PASS" signature="TearDown()[pri:0, instance:com.amazon.testcase.Testcase@4e718207]" name="TearDown" is-config="true" duration-ms="4155" started-at="2021-05-04T09:21:04Z" finished-at="2021-05-04T09:21:08Z">
          <reporter-output>
          </reporter-output>
        </test-method> <!-- TearDown -->
      </class> <!-- com.amazon.testcase.Testcase -->
    </test> <!-- Test -->
  </suite> <!-- Suite -->
</testng-results>
